Using pre-set license
Built from '2020.3/staging' branch; Version is '2020.3.5f1 (8095aa901b9b) revision 8426922'; Using compiler version '192528614'; Build Type 'Release'
OS: 'Windows 10 Pro; OS build 19045.2251; Version 2009; 64bit' Language: 'en' Physical Memory: 32624 MB
BatchMode: 1, IsHumanControllingUs: 0, StartBugReporterOnCrash: 0, Is64bit: 1, IsPro: 0

 COMMAND LINE ARGUMENTS:
D:\Unity\Versions\2020.3.5f1\Editor\Unity.exe
-adb2
-batchMode
-noUpm
-name
AssetImportWorker0
-projectPath
E:/AIE/GitHub/Hydraulic-Erosion
-logFile
Logs/AssetImportWorker0.log
-srvPort
61444
Successfully changed project path to: E:/AIE/GitHub/Hydraulic-Erosion
E:/AIE/GitHub/Hydraulic-Erosion
Using Asset Import Pipeline V2.
Refreshing native plugins compatible for Editor in 18.60 ms, found 0 plugins.
Preloading 0 native plugins for Editor in 0.00 ms.
Initialize engine version: 2020.3.5f1 (8095aa901b9b)
[Subsystems] Discovering subsystems at path D:/Unity/Versions/2020.3.5f1/Editor/Data/Resources/UnitySubsystems
[Subsystems] Discovering subsystems at path E:/AIE/GitHub/Hydraulic-Erosion/Assets
GfxDevice: creating device client; threaded=0
Direct3D:
    Version:  Direct3D 11.0 [level 11.1]
    Renderer: NVIDIA GeForce RTX 2060 SUPER (ID=0x1f06)
    Vendor:   
    VRAM:     8019 MB
    Driver:   31.0.15.2686
Initialize mono
Mono path[0] = 'D:/Unity/Versions/2020.3.5f1/Editor/Data/Managed'
Mono path[1] = 'D:/Unity/Versions/2020.3.5f1/Editor/Data/MonoBleedingEdge/lib/mono/unityjit'
Mono config path = 'D:/Unity/Versions/2020.3.5f1/Editor/Data/MonoBleedingEdge/etc'
Using monoOptions --debugger-agent=transport=dt_socket,embedding=1,server=y,suspend=n,address=127.0.0.1:56552
Begin MonoManager ReloadAssembly
Registering precompiled unity dll's ...
Register platform support module: D:/Unity/Versions/2020.3.5f1/Editor/Data/PlaybackEngines/WebGLSupport/UnityEditor.WebGL.Extensions.dll
Register platform support module: D:/Unity/Versions/2020.3.5f1/Editor/Data/PlaybackEngines/WindowsStandaloneSupport/UnityEditor.WindowsStandalone.Extensions.dll
Registered in 0.001428 seconds.
Native extension for WindowsStandalone target not found
Native extension for WebGL target not found
Refreshing native plugins compatible for Editor in 18.60 ms, found 0 plugins.
Preloading 0 native plugins for Editor in 0.00 ms.
Mono: successfully reloaded assembly
- Completed reload, in  2.061 seconds
Platform modules already initialized, skipping
Registering precompiled user dll's ...
Registered in 0.000595 seconds.
Begin MonoManager ReloadAssembly
Native extension for WindowsStandalone target not found
Native extension for WebGL target not found
Refreshing native plugins compatible for Editor in 0.18 ms, found 0 plugins.
Preloading 0 native plugins for Editor in 0.00 ms.
Mono: successfully reloaded assembly
- Completed reload, in  0.720 seconds
Platform modules already initialized, skipping
========================================================================
Worker process is ready to serve import requests
Launched and connected shader compiler UnityShaderCompiler.exe after 0.03 seconds
Refreshing native plugins compatible for Editor in 0.18 ms, found 0 plugins.
Preloading 0 native plugins for Editor in 0.00 ms.
Unloading 1132 Unused Serialized files (Serialized files now loaded: 0)
System memory in use before: 58.2 MB.
System memory in use after: 58.3 MB.

Unloading 9 unused Assets to reduce memory usage. Loaded Objects now: 1575.
Total: 2.858700 ms (FindLiveObjects: 0.116800 ms CreateObjectMapping: 0.030100 ms MarkObjects: 2.660000 ms  DeleteObjects: 0.051000 ms)

========================================================================
Received Import Request.
  path: Assets/Dependancies/Hierarchy 2
  artifactKey: Guid(a34a88e1afee565408a443830c234160) Importer(815301076,1909f56bfc062723c751e8b465ee728b)
Start importing Assets/Dependancies/Hierarchy 2 using Guid(a34a88e1afee565408a443830c234160) Importer(815301076,1909f56bfc062723c751e8b465ee728b)  -> (artifact id: 'bc241eb3dee4ff22c226f70abb3fa85f') in 0.005833 seconds
  Import took 0.007374 seconds .

========================================================================
Received Import Request.
  Time since last request: 2.059359 seconds.
  path: Assets/Hydrolic Erosion/Scenes/Large Terrain.unity
  artifactKey: Guid(7012e6b35bead43acaaabc62da1a8066) Importer(815301076,1909f56bfc062723c751e8b465ee728b)
Start importing Assets/Hydrolic Erosion/Scenes/Large Terrain.unity using Guid(7012e6b35bead43acaaabc62da1a8066) Importer(815301076,1909f56bfc062723c751e8b465ee728b)  -> (artifact id: '3d9856bd5dac762607cad28275400bb4') in 0.009669 seconds
  Import took 0.011210 seconds .

========================================================================
Received Prepare
Registering precompiled user dll's ...
Registered in 0.000521 seconds.
Begin MonoManager ReloadAssembly
Native extension for WindowsStandalone target not found
Native extension for WebGL target not found
Refreshing native plugins compatible for Editor in 0.25 ms, found 0 plugins.
Preloading 0 native plugins for Editor in 0.00 ms.
Mono: successfully reloaded assembly
- Completed reload, in  0.918 seconds
Platform modules already initialized, skipping
Refreshing native plugins compatible for Editor in 0.18 ms, found 0 plugins.
Preloading 0 native plugins for Editor in 0.00 ms.
Unloading 1124 Unused Serialized files (Serialized files now loaded: 0)
System memory in use before: 57.8 MB.
System memory in use after: 57.9 MB.

Unloading 4 unused Assets to reduce memory usage. Loaded Objects now: 1578.
Total: 2.514000 ms (FindLiveObjects: 0.115700 ms CreateObjectMapping: 0.029200 ms MarkObjects: 2.353100 ms  DeleteObjects: 0.015100 ms)

